0 verbose cli C:\Program Files\nodejs\node.exe C:\Users\maanv\AppData\Roaming\npm\node_modules\npm\bin\npm-cli.js
1 info using npm@11.11.1
2 info using node@v24.13.0
3 silly config load:file:C:\Users\maanv\AppData\Roaming\npm\node_modules\npm\npmrc
4 silly config load:file:C:\Users\maanv\Documents\Catalyst\frontend\.npmrc
5 silly config load:file:C:\Users\maanv\.npmrc
6 silly config load:file:C:\Users\maanv\AppData\Roaming\npm\etc\npmrc
7 verbose title npm install eslint@8.57.1
8 verbose argv "install" "eslint@8.57.1" "--save-dev" "--cache" ".\\.npm-cache"
9 verbose logfile logs-max:10 dir:C:\Users\maanv\Documents\Catalyst\frontend\.npm-cache\_logs\2026-07-09T07_43_35_853Z-
10 verbose logfile C:\Users\maanv\Documents\Catalyst\frontend\.npm-cache\_logs\2026-07-09T07_43_35_853Z-debug-0.log
11 silly logfile done cleaning log files
12 silly packumentCache heap:4496293888 maxSize:1124073472 maxEntrySize:562036736
13 silly idealTree buildDeps
14 silly fetch manifest eslint@8.57.1
15 silly packumentCache full:https://registry.npmjs.org/eslint cache-miss
16 http cache https://registry.npmjs.org/eslint 294ms (cache hit)
17 silly packumentCache full:https://registry.npmjs.org/eslint set size:2019015 disposed:false
18 silly placeDep ROOT eslint@8.57.1 REPLACE for: catalyst-frontend@0.1.0 want: 8.57.1
19 silly fetch manifest ajv@^6.12.4
20 silly packumentCache full:https://registry.npmjs.org/ajv cache-miss
21 silly fetch manifest espree@^9.6.1
22 silly packumentCache full:https://registry.npmjs.org/espree cache-miss
23 silly fetch manifest ignore@^5.2.0
24 silly packumentCache full:https://registry.npmjs.org/ignore cache-miss
25 silly fetch manifest globals@^13.19.0
26 silly packumentCache full:https://registry.npmjs.org/globals cache-miss
27 silly fetch manifest js-yaml@^4.1.0
28 silly packumentCache full:https://registry.npmjs.org/js-yaml cache-miss
29 silly fetch manifest doctrine@^3.0.0
30 silly packumentCache full:https://registry.npmjs.org/doctrine cache-miss
31 silly fetch manifest graphemer@^1.4.0
32 silly packumentCache full:https://registry.npmjs.org/graphemer cache-miss
33 http cache https://registry.npmjs.org/ajv 110ms (cache hit)
34 silly packumentCache full:https://registry.npmjs.org/ajv set size:1142658 disposed:false
35 silly fetch manifest @eslint/js@8.57.1
36 silly packumentCache full:https://registry.npmjs.org/@eslint%2fjs cache-miss
37 http cache https://registry.npmjs.org/espree 131ms (cache hit)
38 silly packumentCache full:https://registry.npmjs.org/espree set size:326080 disposed:false
39 silly fetch manifest strip-ansi@^6.0.1
40 silly packumentCache full:https://registry.npmjs.org/strip-ansi cache-miss
41 http cache https://registry.npmjs.org/globals 139ms (cache hit)
42 silly packumentCache full:https://registry.npmjs.org/globals set size:319673 disposed:false
43 silly fetch manifest text-table@^0.2.0
44 silly packumentCache full:https://registry.npmjs.org/text-table cache-miss
45 http cache https://registry.npmjs.org/js-yaml 150ms (cache hit)
46 silly packumentCache full:https://registry.npmjs.org/js-yaml set size:171743 disposed:false
47 silly fetch manifest eslint-scope@^7.2.2
48 silly packumentCache full:https://registry.npmjs.org/eslint-scope cache-miss
49 http cache https://registry.npmjs.org/doctrine 158ms (cache hit)
50 silly packumentCache full:https://registry.npmjs.org/doctrine set size:64052 disposed:false
51 silly fetch manifest is-path-inside@^3.0.3
52 silly packumentCache full:https://registry.npmjs.org/is-path-inside cache-miss
53 http cache https://registry.npmjs.org/ignore 172ms (cache hit)
54 silly packumentCache full:https://registry.npmjs.org/ignore set size:237380 disposed:false
55 silly fetch manifest fast-deep-equal@^3.1.3
56 silly packumentCache full:https://registry.npmjs.org/fast-deep-equal cache-miss
57 http cache https://registry.npmjs.org/eslint-scope 100ms (cache hit)
58 silly packumentCache full:https://registry.npmjs.org/eslint-scope set size:98867 disposed:false
59 silly fetch manifest @eslint/eslintrc@^2.1.4
60 silly packumentCache full:https://registry.npmjs.org/@eslint%2feslintrc cache-miss
61 http cache https://registry.npmjs.org/fast-deep-equal 86ms (cache hit)
62 silly packumentCache full:https://registry.npmjs.org/fast-deep-equal set size:48634 disposed:false
63 silly fetch manifest file-entry-cache@^6.0.1
64 silly packumentCache full:https://registry.npmjs.org/file-entry-cache cache-miss
65 http cache https://registry.npmjs.org/@eslint%2fjs 141ms (cache hit)
66 silly packumentCache full:https://registry.npmjs.org/@eslint%2fjs set size:140022 disposed:false
67 silly fetch manifest eslint-visitor-keys@^3.4.3
68 silly packumentCache full:https://registry.npmjs.org/eslint-visitor-keys cache-miss
69 http fetch GET 200 https://registry.npmjs.org/graphemer 303ms (cache miss)
70 silly packumentCache full:https://registry.npmjs.org/graphemer set size:undefined disposed:false
71 silly fetch manifest @ungap/structured-clone@^1.2.0
72 silly packumentCache full:https://registry.npmjs.org/@ungap%2fstructured-clone cache-miss
73 http fetch GET 200 https://registry.npmjs.org/is-path-inside 146ms (cache miss)
74 silly packumentCache full:https://registry.npmjs.org/is-path-inside set size:undefined disposed:false
75 silly fetch manifest @humanwhocodes/config-array@^0.13.0
76 silly packumentCache full:https://registry.npmjs.org/@humanwhocodes%2fconfig-array cache-miss
77 http cache https://registry.npmjs.org/@eslint%2feslintrc 58ms (cache hit)
78 silly packumentCache full:https://registry.npmjs.org/@eslint%2feslintrc set size:168674 disposed:false
79 http cache https://registry.npmjs.org/file-entry-cache 58ms (cache hit)
80 silly packumentCache full:https://registry.npmjs.org/file-entry-cache set size:127645 disposed:false
81 http fetch GET 200 https://registry.npmjs.org/text-table 180ms (cache miss)
82 silly packumentCache full:https://registry.npmjs.org/text-table set size:undefined disposed:false
83 http cache https://registry.npmjs.org/eslint-visitor-keys 57ms (cache hit)
84 silly packumentCache full:https://registry.npmjs.org/eslint-visitor-keys set size:69949 disposed:false
85 http fetch GET 200 https://registry.npmjs.org/strip-ansi 201ms (cache miss)
86 silly packumentCache full:https://registry.npmjs.org/strip-ansi set size:undefined disposed:false
87 http fetch GET 200 https://registry.npmjs.org/@ungap%2fstructured-clone 71ms (cache miss)
88 silly packumentCache full:https://registry.npmjs.org/@ungap%2fstructured-clone set size:undefined disposed:false
89 http fetch GET 200 https://registry.npmjs.org/@humanwhocodes%2fconfig-array 67ms (cache miss)
90 silly packumentCache full:https://registry.npmjs.org/@humanwhocodes%2fconfig-array set size:undefined disposed:false
91 silly placeDep ROOT @eslint/eslintrc@2.1.4 OK for: eslint@8.57.1 want: ^2.1.4
92 silly placeDep ROOT @eslint/js@8.57.1 OK for: eslint@8.57.1 want: 8.57.1
93 silly placeDep ROOT @humanwhocodes/config-array@0.13.0 OK for: eslint@8.57.1 want: ^0.13.0
94 silly placeDep ROOT @ungap/structured-clone@1.3.2 OK for: eslint@8.57.1 want: ^1.2.0
95 silly placeDep ROOT ajv@6.15.0 OK for: eslint@8.57.1 want: ^6.12.4
96 silly placeDep node_modules/eslint doctrine@3.0.0 OK for: eslint@8.57.1 want: ^3.0.0
97 silly placeDep ROOT eslint-scope@7.2.2 OK for: eslint@8.57.1 want: ^7.2.2
98 silly placeDep ROOT eslint-visitor-keys@3.4.3 OK for: eslint@8.57.1 want: ^3.4.3
99 silly placeDep ROOT espree@9.6.1 OK for: eslint@8.57.1 want: ^9.6.1
100 silly placeDep ROOT fast-deep-equal@3.1.3 OK for: eslint@8.57.1 want: ^3.1.3
101 silly placeDep ROOT file-entry-cache@6.0.1 OK for: eslint@8.57.1 want: ^6.0.1
102 silly placeDep ROOT globals@13.24.0 OK for: eslint@8.57.1 want: ^13.19.0
103 silly placeDep ROOT graphemer@1.4.0 OK for: eslint@8.57.1 want: ^1.4.0
104 silly placeDep ROOT ignore@5.3.2 OK for: eslint@8.57.1 want: ^5.2.0
105 silly placeDep ROOT is-path-inside@3.0.3 OK for: eslint@8.57.1 want: ^3.0.3
106 silly placeDep ROOT js-yaml@4.3.0 OK for: eslint@8.57.1 want: ^4.1.0
107 silly placeDep ROOT strip-ansi@6.0.1 OK for: eslint@8.57.1 want: ^6.0.1
108 silly placeDep ROOT text-table@0.2.0 OK for: eslint@8.57.1 want: ^0.2.0
109 silly fetch manifest espree@^9.6.0
110 silly packumentCache full:https://registry.npmjs.org/espree cache-hit
111 silly fetch manifest import-fresh@^3.2.1
112 silly packumentCache full:https://registry.npmjs.org/import-fresh cache-miss
113 silly fetch manifest strip-json-comments@^3.1.1
114 silly packumentCache full:https://registry.npmjs.org/strip-json-comments cache-miss
115 silly fetch manifest @humanwhocodes/object-schema@^2.0.3
116 silly packumentCache full:https://registry.npmjs.org/@humanwhocodes%2fobject-schema cache-miss
117 silly fetch manifest uri-js@^4.2.2
118 silly packumentCache full:https://registry.npmjs.org/uri-js cache-miss
119 silly fetch manifest fast-deep-equal@^3.1.1
120 silly packumentCache full:https://registry.npmjs.org/fast-deep-equal cache-hit
121 silly fetch manifest json-schema-traverse@^0.4.1
122 silly packumentCache full:https://registry.npmjs.org/json-schema-traverse cache-miss
123 silly fetch manifest fast-json-stable-stringify@^2.0.0
124 silly packumentCache full:https://registry.npmjs.org/fast-json-stable-stringify cache-miss
125 silly fetch manifest esrecurse@^4.3.0
126 silly packumentCache full:https://registry.npmjs.org/esrecurse cache-miss
127 http cache https://registry.npmjs.org/import-fresh 43ms (cache hit)
128 silly packumentCache full:https://registry.npmjs.org/import-fresh set size:24604 disposed:false
129 silly fetch manifest acorn@^8.9.0
130 silly packumentCache full:https://registry.npmjs.org/acorn cache-miss
131 http cache https://registry.npmjs.org/json-schema-traverse 46ms (cache hit)
132 silly packumentCache full:https://registry.npmjs.org/json-schema-traverse set size:23537 disposed:false
133 silly fetch manifest acorn-jsx@^5.3.2
134 silly packumentCache full:https://registry.npmjs.org/acorn-jsx cache-miss
135 http cache https://registry.npmjs.org/strip-json-comments 54ms (cache hit)
136 silly packumentCache full:https://registry.npmjs.org/strip-json-comments set size:43569 disposed:false
137 silly fetch manifest flat-cache@^3.0.4
138 silly packumentCache full:https://registry.npmjs.org/flat-cache cache-miss
139 http cache https://registry.npmjs.org/fast-json-stable-stringify 52ms (cache hit)
140 silly packumentCache full:https://registry.npmjs.org/fast-json-stable-stringify set size:11337 disposed:false
141 silly fetch manifest type-fest@^0.20.2
142 silly packumentCache full:https://registry.npmjs.org/type-fest cache-miss
143 http cache https://registry.npmjs.org/uri-js 57ms (cache hit)
144 silly packumentCache full:https://registry.npmjs.org/uri-js set size:42559 disposed:false
145 silly fetch manifest argparse@^2.0.1
146 silly packumentCache full:https://registry.npmjs.org/argparse cache-miss
147 http cache https://registry.npmjs.org/esrecurse 62ms (cache hit)
148 silly packumentCache full:https://registry.npmjs.org/esrecurse set size:29005 disposed:false
149 silly fetch manifest ansi-regex@^5.0.1
150 silly packumentCache full:https://registry.npmjs.org/ansi-regex cache-miss
151 http cache https://registry.npmjs.org/acorn 45ms (cache hit)
152 silly packumentCache full:https://registry.npmjs.org/acorn set size:381366 disposed:false
153 http cache https://registry.npmjs.org/acorn-jsx 54ms (cache hit)
154 silly packumentCache full:https://registry.npmjs.org/acorn-jsx set size:71068 disposed:false
155 http cache https://registry.npmjs.org/flat-cache 54ms (cache hit)
156 silly packumentCache full:https://registry.npmjs.org/flat-cache set size:160061 disposed:false
157 http cache https://registry.npmjs.org/argparse 51ms (cache hit)
158 silly packumentCache full:https://registry.npmjs.org/argparse set size:49266 disposed:false
159 http fetch GET 200 https://registry.npmjs.org/ansi-regex 64ms (cache miss)
160 silly packumentCache full:https://registry.npmjs.org/ansi-regex set size:undefined disposed:false
161 http fetch GET 200 https://registry.npmjs.org/type-fest 96ms (cache miss)
162 silly packumentCache full:https://registry.npmjs.org/type-fest set size:undefined disposed:false
163 http fetch GET 200 https://registry.npmjs.org/@humanwhocodes%2fobject-schema 176ms (cache miss)
164 silly packumentCache full:https://registry.npmjs.org/@humanwhocodes%2fobject-schema set size:undefined disposed:false
165 silly placeDep ROOT import-fresh@3.3.1 OK for: @eslint/eslintrc@2.1.4 want: ^3.2.1
166 silly placeDep ROOT strip-json-comments@3.1.1 OK for: @eslint/eslintrc@2.1.4 want: ^3.1.1
167 silly fetch manifest resolve-from@^4.0.0
168 silly packumentCache full:https://registry.npmjs.org/resolve-from cache-miss
169 silly fetch manifest parent-module@^1.0.0
170 silly packumentCache full:https://registry.npmjs.org/parent-module cache-miss
171 http cache https://registry.npmjs.org/resolve-from 16ms (cache hit)
172 silly packumentCache full:https://registry.npmjs.org/resolve-from set size:12911 disposed:false
173 http cache https://registry.npmjs.org/parent-module 17ms (cache hit)
174 silly packumentCache full:https://registry.npmjs.org/parent-module set size:18255 disposed:false
175 silly placeDep ROOT @humanwhocodes/object-schema@2.0.3 OK for: @humanwhocodes/config-array@0.13.0 want: ^2.0.3
176 silly placeDep ROOT fast-json-stable-stringify@2.1.0 OK for: ajv@6.15.0 want: ^2.0.0
177 silly placeDep ROOT json-schema-traverse@0.4.1 OK for: ajv@6.15.0 want: ^0.4.1
178 silly placeDep ROOT uri-js@4.4.1 OK for: ajv@6.15.0 want: ^4.2.2
179 silly fetch manifest punycode@^2.1.0
180 silly packumentCache full:https://registry.npmjs.org/punycode cache-miss
181 http cache https://registry.npmjs.org/punycode 12ms (cache hit)
182 silly packumentCache full:https://registry.npmjs.org/punycode set size:61278 disposed:false
183 silly placeDep ROOT esrecurse@4.3.0 OK for: eslint-scope@7.2.2 want: ^4.3.0
184 silly placeDep ROOT acorn@8.17.0 OK for: espree@9.6.1 want: ^8.9.0
185 silly placeDep ROOT acorn-jsx@5.3.2 OK for: espree@9.6.1 want: ^5.3.2
186 silly placeDep ROOT flat-cache@3.2.0 OK for: file-entry-cache@6.0.1 want: ^3.0.4
187 silly fetch manifest keyv@^4.5.3
188 silly packumentCache full:https://registry.npmjs.org/keyv cache-miss
189 silly fetch manifest rimraf@^3.0.2
190 silly packumentCache full:https://registry.npmjs.org/rimraf cache-miss
191 silly fetch manifest flatted@^3.2.9
192 silly packumentCache full:https://registry.npmjs.org/flatted cache-miss
193 http cache https://registry.npmjs.org/flatted 14ms (cache hit)
194 silly packumentCache full:https://registry.npmjs.org/flatted set size:137347 disposed:false
195 http cache https://registry.npmjs.org/keyv 19ms (cache hit)
196 silly packumentCache full:https://registry.npmjs.org/keyv set size:224095 disposed:false
197 http fetch GET 200 https://registry.npmjs.org/rimraf 330ms (cache miss)
198 silly packumentCache full:https://registry.npmjs.org/rimraf set size:undefined disposed:false
199 silly placeDep ROOT flatted@3.4.2 OK for: flat-cache@3.2.0 want: ^3.2.9
200 silly placeDep ROOT keyv@4.5.4 OK for: flat-cache@3.2.0 want: ^4.5.3
201 silly placeDep ROOT rimraf@3.0.2 OK for: flat-cache@3.2.0 want: ^3.0.2
202 silly fetch manifest json-buffer@3.0.1
203 silly packumentCache full:https://registry.npmjs.org/json-buffer cache-miss
204 silly fetch manifest glob@^7.1.3
205 silly packumentCache full:https://registry.npmjs.org/glob cache-miss
206 http cache https://registry.npmjs.org/json-buffer 9ms (cache hit)
207 silly packumentCache full:https://registry.npmjs.org/json-buffer set size:23474 disposed:false
208 http fetch GET 200 https://registry.npmjs.org/glob 50ms (cache miss)
209 silly packumentCache full:https://registry.npmjs.org/glob set size:undefined disposed:false
210 silly placeDep ROOT type-fest@0.20.2 OK for: globals@13.24.0 want: ^0.20.2
211 silly placeDep ROOT parent-module@1.0.1 OK for: import-fresh@3.3.1 want: ^1.0.0
212 silly placeDep ROOT resolve-from@4.0.0 OK for: import-fresh@3.3.1 want: ^4.0.0
213 silly fetch manifest callsites@^3.0.0
214 silly packumentCache full:https://registry.npmjs.org/callsites cache-miss
215 http cache https://registry.npmjs.org/callsites 7ms (cache hit)
216 silly packumentCache full:https://registry.npmjs.org/callsites set size:21349 disposed:false
217 silly placeDep ROOT argparse@2.0.1 OK for: js-yaml@4.3.0 want: ^2.0.1
218 silly placeDep ROOT json-buffer@3.0.1 OK for: keyv@4.5.4 want: 3.0.1
219 silly placeDep ROOT callsites@3.1.0 OK for: parent-module@1.0.1 want: ^3.0.0
220 silly placeDep ROOT glob@7.2.3 OK for: rimraf@3.0.2 want: ^7.1.3
221 silly fetch manifest once@^1.3.0
222 silly packumentCache full:https://registry.npmjs.org/once cache-miss
223 silly fetch manifest inflight@^1.0.4
224 silly packumentCache full:https://registry.npmjs.org/inflight cache-miss
225 silly fetch manifest inherits@2
226 silly packumentCache full:https://registry.npmjs.org/inherits cache-miss
227 silly fetch manifest fs.realpath@^1.0.0
228 silly packumentCache full:https://registry.npmjs.org/fs.realpath cache-miss
229 silly fetch manifest path-is-absolute@^1.0.0
230 silly packumentCache full:https://registry.npmjs.org/path-is-absolute cache-miss
231 http fetch GET 200 https://registry.npmjs.org/fs.realpath 43ms (cache miss)
232 silly packumentCache full:https://registry.npmjs.org/fs.realpath set size:undefined disposed:false
233 http fetch GET 200 https://registry.npmjs.org/inflight 47ms (cache miss)
234 silly packumentCache full:https://registry.npmjs.org/inflight set size:undefined disposed:false
235 http fetch GET 200 https://registry.npmjs.org/inherits 49ms (cache miss)
236 silly packumentCache full:https://registry.npmjs.org/inherits set size:undefined disposed:false
237 http fetch GET 200 https://registry.npmjs.org/once 53ms (cache miss)
238 silly packumentCache full:https://registry.npmjs.org/once set size:undefined disposed:false
239 http fetch GET 200 https://registry.npmjs.org/path-is-absolute 82ms (cache miss)
240 silly packumentCache full:https://registry.npmjs.org/path-is-absolute set size:undefined disposed:false
241 silly placeDep ROOT fs.realpath@1.0.0 OK for: glob@7.2.3 want: ^1.0.0
242 silly placeDep ROOT inflight@1.0.6 OK for: glob@7.2.3 want: ^1.0.4
243 silly placeDep ROOT inherits@2.0.4 OK for: glob@7.2.3 want: 2
244 silly placeDep ROOT once@1.4.0 OK for: glob@7.2.3 want: ^1.3.0
245 silly placeDep ROOT path-is-absolute@1.0.1 OK for: glob@7.2.3 want: ^1.0.0
246 silly fetch manifest wrappy@1
247 silly packumentCache full:https://registry.npmjs.org/wrappy cache-miss
248 silly fetch manifest wrappy@1
249 silly packumentCache full:https://registry.npmjs.org/wrappy cache-miss
250 http fetch GET 200 https://registry.npmjs.org/wrappy 32ms (cache miss)
251 silly packumentCache full:https://registry.npmjs.org/wrappy set size:undefined disposed:false
252 http fetch GET 200 https://registry.npmjs.org/wrappy 33ms (cache miss)
253 silly packumentCache full:https://registry.npmjs.org/wrappy set size:undefined disposed:false
254 silly placeDep ROOT wrappy@1.0.2 OK for: inflight@1.0.6 want: 1
255 silly placeDep ROOT ansi-regex@5.0.1 OK for: strip-ansi@6.0.1 want: ^5.0.1
256 silly placeDep ROOT punycode@2.3.1 OK for: uri-js@4.4.1 want: ^2.1.0
257 silly reify mark retired [
257 silly reify   'C:\\Users\\maanv\\Documents\\Catalyst\\frontend\\node_modules\\@eslint-community\\eslint-utils\\node_modules\\eslint-visitor-keys'
257 silly reify ]
258 silly reify mark retired [
258 silly reify   'C:\\Users\\maanv\\Documents\\Catalyst\\frontend\\node_modules\\@eslint\\config-array'
258 silly reify ]
259 silly reify mark retired [
259 silly reify   'C:\\Users\\maanv\\Documents\\Catalyst\\frontend\\node_modules\\@eslint\\config-helpers'
259 silly reify ]
260 silly reify mark retired [
260 silly reify   'C:\\Users\\maanv\\Documents\\Catalyst\\frontend\\node_modules\\@eslint\\core'
260 silly reify ]
261 silly reify mark retired [
261 silly reify   'C:\\Users\\maanv\\Documents\\Catalyst\\frontend\\node_modules\\@eslint\\eslintrc'
261 silly reify ]
262 silly reify mark retired [
262 silly reify   'C:\\Users\\maanv\\Documents\\Catalyst\\frontend\\node_modules\\@eslint\\js'
262 silly reify ]
263 silly reify mark retired [
263 silly reify   'C:\\Users\\maanv\\Documents\\Catalyst\\frontend\\node_modules\\@eslint\\object-schema'
263 silly reify ]
264 silly reify mark retired [
264 silly reify   'C:\\Users\\maanv\\Documents\\Catalyst\\frontend\\node_modules\\@eslint\\plugin-kit'
264 silly reify ]
265 silly reify mark retired [
265 silly reify   'C:\\Users\\maanv\\Documents\\Catalyst\\frontend\\node_modules\\@humanfs\\core'
265 silly reify ]
266 silly reify mark retired [
266 silly reify   'C:\\Users\\maanv\\Documents\\Catalyst\\frontend\\node_modules\\@humanfs\\node'
266 silly reify ]
267 silly reify mark retired [
267 silly reify   'C:\\Users\\maanv\\Documents\\Catalyst\\frontend\\node_modules\\@humanfs\\types'
267 silly reify ]
268 silly reify mark retired [
268 silly reify   'C:\\Users\\maanv\\Documents\\Catalyst\\frontend\\node_modules\\@humanwhocodes\\retry'
268 silly reify ]
269 silly reify mark retired [
269 silly reify   'C:\\Users\\maanv\\Documents\\Catalyst\\frontend\\node_modules\\@types\\estree'
269 silly reify ]
270 silly reify mark retired [
270 silly reify   'C:\\Users\\maanv\\Documents\\Catalyst\\frontend\\node_modules\\@types\\json-schema'
270 silly reify ]
271 silly reify mark retired [
271 silly reify   'C:\\Users\\maanv\\Documents\\Catalyst\\frontend\\node_modules\\eslint',
271 silly reify   'C:\\Users\\maanv\\Documents\\Catalyst\\frontend\\node_modules\\.bin\\eslint',
271 silly reify   'C:\\Users\\maanv\\Documents\\Catalyst\\frontend\\node_modules\\.bin\\eslint.cmd',
271 silly reify   'C:\\Users\\maanv\\Documents\\Catalyst\\frontend\\node_modules\\.bin\\eslint.ps1'
271 silly reify ]
272 silly reify mark retired [
272 silly reify   'C:\\Users\\maanv\\Documents\\Catalyst\\frontend\\node_modules\\eslint-scope'
272 silly reify ]
273 silly reify mark retired [
273 silly reify   'C:\\Users\\maanv\\Documents\\Catalyst\\frontend\\node_modules\\eslint-visitor-keys'
273 silly reify ]
274 silly reify mark retired [
274 silly reify   'C:\\Users\\maanv\\Documents\\Catalyst\\frontend\\node_modules\\espree'
274 silly reify ]
275 silly reify mark retired [
275 silly reify   'C:\\Users\\maanv\\Documents\\Catalyst\\frontend\\node_modules\\file-entry-cache'
275 silly reify ]
276 silly reify mark retired [
276 silly reify   'C:\\Users\\maanv\\Documents\\Catalyst\\frontend\\node_modules\\flat-cache'
276 silly reify ]
277 silly reify mark retired [
277 silly reify   'C:\\Users\\maanv\\Documents\\Catalyst\\frontend\\node_modules\\globals'
277 silly reify ]
278 silly reify moves {
278 silly reify   'C:\\Users\\maanv\\Documents\\Catalyst\\frontend\\node_modules\\@eslint-community\\eslint-utils\\node_modules\\eslint-visitor-keys': 'C:\\Users\\maanv\\Documents\\Catalyst\\frontend\\node_modules\\@eslint-community\\eslint-utils\\node_modules\\.eslint-visitor-keys-LnUEKHQO',
278 silly reify   'C:\\Users\\maanv\\Documents\\Catalyst\\frontend\\node_modules\\@eslint\\config-array': 'C:\\Users\\maanv\\Documents\\Catalyst\\frontend\\node_modules\\@eslint\\.config-array-aEXvIYyR',
278 silly reify   'C:\\Users\\maanv\\Documents\\Catalyst\\frontend\\node_modules\\@eslint\\config-helpers': 'C:\\Users\\maanv\\Documents\\Catalyst\\frontend\\node_modules\\@eslint\\.config-helpers-pgipDvkU',
278 silly reify   'C:\\Users\\maanv\\Documents\\Catalyst\\frontend\\node_modules\\@eslint\\core': 'C:\\Users\\maanv\\Documents\\Catalyst\\frontend\\node_modules\\@eslint\\.core-5o4XAKDD',
278 silly reify   'C:\\Users\\maanv\\Documents\\Catalyst\\frontend\\node_modules\\@eslint\\eslintrc': 'C:\\Users\\maanv\\Documents\\Catalyst\\frontend\\node_modules\\@eslint\\.eslintrc-t2Txo7o4',
278 silly reify   'C:\\Users\\maanv\\Documents\\Catalyst\\frontend\\node_modules\\@eslint\\js': 'C:\\Users\\maanv\\Documents\\Catalyst\\frontend\\node_modules\\@eslint\\.js-ymTV6lWZ',
278 silly reify   'C:\\Users\\maanv\\Documents\\Catalyst\\frontend\\node_modules\\@eslint\\object-schema': 'C:\\Users\\maanv\\Documents\\Catalyst\\frontend\\node_modules\\@eslint\\.object-schema-XXVL0l5u',
278 silly reify   'C:\\Users\\maanv\\Documents\\Catalyst\\frontend\\node_modules\\@eslint\\plugin-kit': 'C:\\Users\\maanv\\Documents\\Catalyst\\frontend\\node_modules\\@eslint\\.plugin-kit-KLVrRcdR',
278 silly reify   'C:\\Users\\maanv\\Documents\\Catalyst\\frontend\\node_modules\\@humanfs\\core': 'C:\\Users\\maanv\\Documents\\Catalyst\\frontend\\node_modules\\@humanfs\\.core-QuKzxLA4',
278 silly reify   'C:\\Users\\maanv\\Documents\\Catalyst\\frontend\\node_modules\\@humanfs\\node': 'C:\\Users\\maanv\\Documents\\Catalyst\\frontend\\node_modules\\@humanfs\\.node-vQ562vot',
278 silly reify   'C:\\Users\\maanv\\Documents\\Catalyst\\frontend\\node_modules\\@humanfs\\types': 'C:\\Users\\maanv\\Documents\\Catalyst\\frontend\\node_modules\\@humanfs\\.types-MPGgH3Jw',
278 silly reify   'C:\\Users\\maanv\\Documents\\Catalyst\\frontend\\node_modules\\@humanwhocodes\\retry': 'C:\\Users\\maanv\\Documents\\Catalyst\\frontend\\node_modules\\@humanwhocodes\\.retry-AEhjUXO7',
278 silly reify   'C:\\Users\\maanv\\Documents\\Catalyst\\frontend\\node_modules\\@types\\estree': 'C:\\Users\\maanv\\Documents\\Catalyst\\frontend\\node_modules\\@types\\.estree-GnI5j5iF',
278 silly reify   'C:\\Users\\maanv\\Documents\\Catalyst\\frontend\\node_modules\\@types\\json-schema': 'C:\\Users\\maanv\\Documents\\Catalyst\\frontend\\node_modules\\@types\\.json-schema-gK04I2cn',
278 silly reify   'C:\\Users\\maanv\\Documents\\Catalyst\\frontend\\node_modules\\eslint': 'C:\\Users\\maanv\\Documents\\Catalyst\\frontend\\node_modules\\.eslint-InXRL7iM',
278 silly reify   'C:\\Users\\maanv\\Documents\\Catalyst\\frontend\\node_modules\\.bin\\eslint': 'C:\\Users\\maanv\\Documents\\Catalyst\\frontend\\node_modules\\.bin\\.eslint-4zKqBazr',
278 silly reify   'C:\\Users\\maanv\\Documents\\Catalyst\\frontend\\node_modules\\.bin\\eslint.cmd': 'C:\\Users\\maanv\\Documents\\Catalyst\\frontend\\node_modules\\.bin\\.eslint.cmd-36w8NN4K',
278 silly reify   'C:\\Users\\maanv\\Documents\\Catalyst\\frontend\\node_modules\\.bin\\eslint.ps1': 'C:\\Users\\maanv\\Documents\\Catalyst\\frontend\\node_modules\\.bin\\.eslint.ps1-5btA0mqe',
278 silly reify   'C:\\Users\\maanv\\Documents\\Catalyst\\frontend\\node_modules\\eslint-scope': 'C:\\Users\\maanv\\Documents\\Catalyst\\frontend\\node_modules\\.eslint-scope-znjCzZF7',
278 silly reify   'C:\\Users\\maanv\\Documents\\Catalyst\\frontend\\node_modules\\eslint-visitor-keys': 'C:\\Users\\maanv\\Documents\\Catalyst\\frontend\\node_modules\\.eslint-visitor-keys-7lt2Olww',
278 silly reify   'C:\\Users\\maanv\\Documents\\Catalyst\\frontend\\node_modules\\espree': 'C:\\Users\\maanv\\Documents\\Catalyst\\frontend\\node_modules\\.espree-8JbjBUEP',
278 silly reify   'C:\\Users\\maanv\\Documents\\Catalyst\\frontend\\node_modules\\file-entry-cache': 'C:\\Users\\maanv\\Documents\\Catalyst\\frontend\\node_modules\\.file-entry-cache-PaM9LN9I',
278 silly reify   'C:\\Users\\maanv\\Documents\\Catalyst\\frontend\\node_modules\\flat-cache': 'C:\\Users\\maanv\\Documents\\Catalyst\\frontend\\node_modules\\.flat-cache-VPs3MmVx',
278 silly reify   'C:\\Users\\maanv\\Documents\\Catalyst\\frontend\\node_modules\\globals': 'C:\\Users\\maanv\\Documents\\Catalyst\\frontend\\node_modules\\.globals-XkmEnl7Y'
278 silly reify }
279 silly audit bulk request {
279 silly audit   '@alloc/quick-lru': [ '5.2.0' ],
279 silly audit   '@babel/runtime': [ '7.29.7' ],
279 silly audit   '@emnapi/core': [ '1.10.0' ],
279 silly audit   '@emnapi/runtime': [ '1.11.2', '1.10.0' ],
279 silly audit   '@emnapi/wasi-threads': [ '1.2.1' ],
279 silly audit   '@eslint-community/eslint-utils': [ '4.9.1' ],
279 silly audit   'eslint-visitor-keys': [ '5.0.1', '3.4.3' ],
279 silly audit   '@eslint-community/regexpp': [ '4.12.2' ],
279 silly audit   '@humanwhocodes/module-importer': [ '1.0.1' ],
279 silly audit   '@img/colour': [ '1.1.0' ],
279 silly audit   '@img/sharp-darwin-arm64': [ '0.34.5' ],
279 silly audit   '@img/sharp-darwin-x64': [ '0.34.5' ],
279 silly audit   '@img/sharp-libvips-darwin-arm64': [ '1.2.4' ],
279 silly audit   '@img/sharp-libvips-darwin-x64': [ '1.2.4' ],
279 silly audit   '@img/sharp-libvips-linux-arm': [ '1.2.4' ],
279 silly audit   '@img/sharp-libvips-linux-arm64': [ '1.2.4' ],
279 silly audit   '@img/sharp-libvips-linux-ppc64': [ '1.2.4' ],
279 silly audit   '@img/sharp-libvips-linux-riscv64': [ '1.2.4' ],
279 silly audit   '@img/sharp-libvips-linux-s390x': [ '1.2.4' ],
279 silly audit   '@img/sharp-libvips-linux-x64': [ '1.2.4' ],
279 silly audit   '@img/sharp-libvips-linuxmusl-arm64': [ '1.2.4' ],
279 silly audit   '@img/sharp-libvips-linuxmusl-x64': [ '1.2.4' ],
279 silly audit   '@img/sharp-linux-arm': [ '0.34.5' ],
279 silly audit   '@img/sharp-linux-arm64': [ '0.34.5' ],
279 silly audit   '@img/sharp-linux-ppc64': [ '0.34.5' ],
279 silly audit   '@img/sharp-linux-riscv64': [ '0.34.5' ],
279 silly audit   '@img/sharp-linux-s390x': [ '0.34.5' ],
279 silly audit   '@img/sharp-linux-x64': [ '0.34.5' ],
279 silly audit   '@img/sharp-linuxmusl-arm64': [ '0.34.5' ],
279 silly audit   '@img/sharp-linuxmusl-x64': [ '0.34.5' ],
279 silly audit   '@img/sharp-wasm32': [ '0.34.5' ],
279 silly audit   '@img/sharp-win32-arm64': [ '0.34.5' ],
279 silly audit   '@img/sharp-win32-ia32': [ '0.34.5' ],
279 silly audit   '@img/sharp-win32-x64': [ '0.34.5' ],
279 silly audit   '@jridgewell/gen-mapping': [ '0.3.13' ],
279 silly audit   '@jridgewell/resolve-uri': [ '3.1.2' ],
279 silly audit   '@jridgewell/sourcemap-codec': [ '1.5.5' ],
279 silly audit   '@jridgewell/trace-mapping': [ '0.3.31' ],
279 silly audit   '@napi-rs/wasm-runtime': [ '1.1.6' ],
279 silly audit   '@next/env': [ '15.5.20' ],
279 silly audit   '@next/eslint-plugin-next': [ '15.5.20' ],
279 silly audit   '@next/swc-darwin-arm64': [ '15.5.20' ],
279 silly audit   '@next/swc-darwin-x64': [ '15.5.20' ],
279 silly audit   '@next/swc-linux-arm64-gnu': [ '15.5.20' ],
279 silly audit   '@next/swc-linux-arm64-musl': [ '15.5.20' ],
279 silly audit   '@next/swc-linux-x64-gnu': [ '15.5.20' ],
279 silly audit   '@next/swc-linux-x64-musl': [ '15.5.20' ],
279 silly audit   '@next/swc-win32-arm64-msvc': [ '15.5.20' ],
279 silly audit   '@next/swc-win32-x64-msvc': [ '15.5.20' ],
279 silly audit   '@nodelib/fs.scandir': [ '2.1.5' ],
279 silly audit   '@nodelib/fs.stat': [ '2.0.5' ],
279 silly audit   '@nodelib/fs.walk': [ '1.2.8' ],
279 silly audit   '@nolyfill/is-core-module': [ '1.0.39' ],
279 silly audit   '@reactflow/background': [ '11.3.14' ],
279 silly audit   '@reactflow/controls': [ '11.2.14' ],
279 silly audit   '@reactflow/core': [ '11.11.4' ],
279 silly audit   '@reactflow/minimap': [ '11.7.14' ],
279 silly audit   '@reactflow/node-resizer': [ '2.2.14' ],
279 silly audit   '@reactflow/node-toolbar': [ '1.3.14' ],
279 silly audit   '@rtsao/scc': [ '1.1.0' ],
279 silly audit   '@rushstack/eslint-patch': [ '1.16.1' ],
279 silly audit   '@swc/helpers': [ '0.5.15' ],
279 silly audit   '@tanstack/query-core': [ '5.101.2' ],
279 silly audit   '@tanstack/react-query': [ '5.101.2' ],
279 silly audit   '@tybys/wasm-util': [ '0.10.3' ],
279 silly audit   '@types/d3': [ '7.4.3' ],
279 silly audit   '@types/d3-array': [ '3.2.2' ],
279 silly audit   '@types/d3-axis': [ '3.0.6' ],
279 silly audit   '@types/d3-brush': [ '3.0.6' ],
279 silly audit   '@types/d3-chord': [ '3.0.6' ],
279 silly audit   '@types/d3-color': [ '3.1.3' ],
279 silly audit   '@types/d3-contour': [ '3.0.6' ],
279 silly audit   '@types/d3-delaunay': [ '6.0.4' ],
279 silly audit   '@types/d3-dispatch': [ '3.0.7' ],
279 silly audit   '@types/d3-drag': [ '3.0.7' ],
279 silly audit   '@types/d3-dsv': [ '3.0.7' ],
279 silly audit   '@types/d3-ease': [ '3.0.2' ],
279 silly audit   '@types/d3-fetch': [ '3.0.7' ],
279 silly audit   '@types/d3-force': [ '3.0.10' ],
279 silly audit   '@types/d3-format': [ '3.0.4' ],
279 silly audit   '@types/d3-geo': [ '3.1.0' ],
279 silly audit   '@types/d3-hierarchy': [ '3.1.7' ],
279 silly audit   '@types/d3-interpolate': [ '3.0.4' ],
279 silly audit   '@types/d3-path': [ '3.1.1' ],
279 silly audit   '@types/d3-polygon': [ '3.0.2' ],
279 silly audit   '@types/d3-quadtree': [ '3.0.6' ],
279 silly audit   '@types/d3-random': [ '3.0.4' ],
279 silly audit   '@types/d3-scale': [ '4.0.9' ],
279 silly audit   '@types/d3-scale-chromatic': [ '3.1.0' ],
279 silly audit   '@types/d3-selection': [ '3.0.11' ],
279 silly audit   '@types/d3-shape': [ '3.1.8' ],
279 silly audit   '@types/d3-time': [ '3.0.4' ],
279 silly audit   '@types/d3-time-format': [ '4.0.3' ],
279 silly audit   '@types/d3-timer': [ '3.0.2' ],
279 silly audit   '@types/d3-transition': [ '3.0.9' ],
279 silly audit   '@types/d3-zoom': [ '3.0.8' ],
279 silly audit   '@types/geojson': [ '7946.0.16' ],
279 silly audit   '@types/json5': [ '0.0.29' ],
279 silly audit   '@types/node': [ '22.20.1' ],
279 silly audit   '@types/react': [ '19.2.17' ],
279 silly audit   '@types/react-dom': [ '19.2.3' ],
279 silly audit   '@typescript-eslint/eslint-plugin': [ '8.63.0' ],
279 silly audit   ignore: [ '7.0.5', '5.3.2' ],
279 silly audit   '@typescript-eslint/parser': [ '8.63.0' ],
279 silly audit   '@typescript-eslint/project-service': [ '8.63.0' ],
279 silly audit   '@typescript-eslint/scope-manager': [ '8.63.0' ],
279 silly audit   '@typescript-eslint/tsconfig-utils': [ '8.63.0' ],
279 silly audit   '@typescript-eslint/type-utils': [ '8.63.0' ],
279 silly audit   '@typescript-eslint/types': [ '8.63.0' ],
279 silly audit   '@typescript-eslint/typescript-estree': [ '8.63.0' ],
279 silly audit   'balanced-match': [ '4.0.4', '1.0.2' ],
279 silly audit   'brace-expansion': [ '5.0.7', '1.1.16' ],
279 silly audit   minimatch: [ '10.2.5', '3.1.5' ],
279 silly audit   '@typescript-eslint/utils': [ '8.63.0' ],
279 silly audit   '@typescript-eslint/visitor-keys': [ '8.63.0' ],
279 silly audit   '@unrs/resolver-binding-android-arm-eabi': [ '1.12.2' ],
279 silly audit   '@unrs/resolver-binding-android-arm64': [ '1.12.2' ],
279 silly audit   '@unrs/resolver-binding-darwin-arm64': [ '1.12.2' ],
279 silly audit   '@unrs/resolver-binding-darwin-x64': [ '1.12.2' ],
279 silly audit   '@unrs/resolver-binding-freebsd-x64': [ '1.12.2' ],
279 silly audit   '@unrs/resolver-binding-linux-arm-gnueabihf': [ '1.12.2' ],
279 silly audit   '@unrs/resolver-binding-linux-arm-musleabihf': [ '1.12.2' ],
279 silly audit   '@unrs/resolver-binding-linux-arm64-gnu': [ '1.12.2' ],
279 silly audit   '@unrs/resolver-binding-linux-arm64-musl': [ '1.12.2' ],
279 silly audit   '@unrs/resolver-binding-linux-loong64-gnu': [ '1.12.2' ],
279 silly audit   '@unrs/resolver-binding-linux-loong64-musl': [ '1.12.2' ],
279 silly audit   '@unrs/resolver-binding-linux-ppc64-gnu': [ '1.12.2' ],
279 silly audit   '@unrs/resolver-binding-linux-riscv64-gnu': [ '1.12.2' ],
279 silly audit   '@unrs/resolver-binding-linux-riscv64-musl': [ '1.12.2' ],
279 silly audit   '@unrs/resolver-binding-linux-s390x-gnu': [ '1.12.2' ],
279 silly audit   '@unrs/resolver-binding-linux-x64-gnu': [ '1.12.2' ],
279 silly audit   '@unrs/resolver-binding-linux-x64-musl': [ '1.12.2' ],
279 silly audit   '@unrs/resolver-binding-openharmony-arm64': [ '1.12.2' ],
279 silly audit   '@unrs/resolver-binding-wasm32-wasi': [ '1.12.2' ],
279 silly audit   '@unrs/resolver-binding-win32-arm64-msvc': [ '1.12.2' ],
279 silly audit   '@unrs/resolver-binding-win32-ia32-msvc': [ '1.12.2' ],
279 silly audit   '@unrs/resolver-binding-win32-x64-msvc': [ '1.12.2' ],
279 silly audit   'ansi-styles': [ '4.3.0' ],
279 silly audit   'any-promise': [ '1.3.0' ],
279 silly audit   anymatch: [ '3.1.3' ],
279 silly audit   arg: [ '5.0.2' ],
279 silly audit   'aria-query': [ '5.3.2' ],
279 silly audit   'array-buffer-byte-length': [ '1.0.2' ],
279 silly audit   'array-includes': [ '3.1.9' ],
279 silly audit   'array.prototype.findlast': [ '1.2.5' ],
279 silly audit   'array.prototype.findlastindex': [ '1.2.6' ],
279 silly audit   'array.prototype.flat': [ '1.3.3' ],
279 silly audit   'array.prototype.flatmap': [ '1.3.3' ],
279 silly audit   'array.prototype.tosorted': [ '1.1.4' ],
279 silly audit   'arraybuffer.prototype.slice': [ '1.0.4' ],
279 silly audit   'ast-types-flow': [ '0.0.8' ],
279 silly audit   'async-function': [ '1.0.0' ],
279 silly audit   autoprefixer: [ '10.5.2' ],
279 silly audit   'available-typed-arrays': [ '1.0.7' ],
279 silly audit   'axe-core': [ '4.12.1' ],
279 silly audit   'axobject-query': [ '4.1.0' ],
279 silly audit   'baseline-browser-mapping': [ '2.10.42' ],
279 silly audit   'binary-extensions': [ '2.3.0' ],
279 silly audit   braces: [ '3.0.3' ],
279 silly audit   browserslist: [ '4.28.5' ],
279 silly audit   'call-bind': [ '1.0.9' ],
279 silly audit   'call-bind-apply-helpers': [ '1.0.2' ],
279 silly audit   'call-bound': [ '1.0.4' ],
279 silly audit   'camelcase-css': [ '2.0.1' ],
279 silly audit   'caniuse-lite': [ '1.0.30001803' ],
279 silly audit   chalk: [ '4.1.2' ],
279 silly audit   chokidar: [ '3.6.0' ],
279 silly audit   'glob-parent': [ '5.1.2', '6.0.2' ],
279 silly audit   classcat: [ '5.0.5' ],
279 silly audit   'client-only': [ '0.0.1' ],
279 silly audit   clsx: [ '2.1.1' ],
279 silly audit   'color-convert': [ '2.0.1' ],
279 silly audit   'color-name': [ '1.1.4' ],
279 silly audit   commander: [ '4.1.1' ],
279 silly audit   'concat-map': [ '0.0.1' ],
279 silly audit   'cross-spawn': [ '7.0.6' ],
279 silly audit   cssesc: [ '3.0.0' ],
279 silly audit   csstype: [ '3.2.3' ],
279 silly audit   'd3-array': [ '3.2.4' ],
279 silly audit   'd3-color': [ '3.1.0' ],
279 silly audit   'd3-dispatch': [ '3.0.1' ],
279 silly audit   'd3-drag': [ '3.0.0' ],
279 silly audit   'd3-ease': [ '3.0.1' ],
279 silly audit   'd3-format': [ '3.1.2' ],
279 silly audit   'd3-interpolate': [ '3.0.1' ],
279 silly audit   'd3-path': [ '3.1.0' ],
279 silly audit   'd3-scale': [ '4.0.2' ],
279 silly audit   'd3-selection': [ '3.0.0' ],
279 silly audit   'd3-shape': [ '3.2.0' ],
279 silly audit   'd3-time': [ '3.1.0' ],
279 silly audit   'd3-time-format': [ '4.1.0' ],
279 silly audit   'd3-timer': [ '3.0.1' ],
279 silly audit   'd3-transition': [ '3.0.1' ],
279 silly audit   'd3-zoom': [ '3.0.0' ],
279 silly audit   'damerau-levenshtein': [ '1.0.8' ],
279 silly audit   'data-view-buffer': [ '1.0.2' ],
279 silly audit   'data-view-byte-length': [ '1.0.2' ],
279 silly audit   'data-view-byte-offset': [ '1.0.1' ],
279 silly audit   debug: [ '4.4.3', '3.2.7' ],
279 silly audit   'decimal.js-light': [ '2.5.1' ],
279 silly audit   'deep-is': [ '0.1.4' ],
279 silly audit   'define-data-property': [ '1.1.4' ],
279 silly audit   'define-properties': [ '1.2.1' ],
279 silly audit   'detect-libc': [ '2.1.2' ],
279 silly audit   didyoumean: [ '1.2.2' ],
279 silly audit   dlv: [ '1.1.3' ],
279 silly audit   doctrine: [ '2.1.0', '3.0.0' ],
279 silly audit   'dom-helpers': [ '5.2.1' ],
279 silly audit   'dunder-proto': [ '1.0.1' ],
279 silly audit   'electron-to-chromium': [ '1.5.389' ],
279 silly audit   'emoji-regex': [ '9.2.2' ],
279 silly audit   'es-abstract': [ '1.24.2' ],
279 silly audit   'es-abstract-get': [ '1.0.0' ],
279 silly audit   'es-define-property': [ '1.0.1' ],
279 silly audit   'es-errors': [ '1.3.0' ],
279 silly audit   'es-iterator-helpers': [ '1.3.3' ],
279 silly audit   'es-object-atoms': [ '1.1.2' ],
279 silly audit   'es-set-tostringtag': [ '2.1.0' ],
279 silly audit   'es-shim-unscopables': [ '1.1.0' ],
279 silly audit   'es-to-primitive': [ '1.3.4' ],
279 silly audit   escalade: [ '3.2.0' ],
279 silly audit   'escape-string-regexp': [ '4.0.0' ],
279 silly audit   'eslint-config-next': [ '15.5.20' ],
279 silly audit   'eslint-import-resolver-node': [ '0.3.10' ],
279 silly audit   'eslint-import-resolver-typescript': [ '3.10.1' ],
279 silly audit   'eslint-module-utils': [ '2.14.0' ],
279 silly audit   'eslint-plugin-import': [ '2.32.0' ],
279 silly audit   semver: [ '6.3.1', '7.8.5' ],
279 silly audit   'eslint-plugin-jsx-a11y': [ '6.10.2' ],
279 silly audit   'eslint-plugin-react': [ '7.37.5' ],
279 silly audit   'eslint-plugin-react-hooks': [ '5.2.0' ],
279 silly audit   esquery: [ '1.7.0' ],
279 silly audit   estraverse: [ '5.3.0' ],
279 silly audit   esutils: [ '2.0.3' ],
279 silly audit   eventemitter3: [ '4.0.7' ],
279 silly audit   'fast-equals': [ '5.4.1' ],
279 silly audit   'fast-glob': [ '3.3.1', '3.3.3' ],
279 silly audit   'fast-levenshtein': [ '2.0.6' ],
279 silly audit   fastq: [ '1.20.1' ],
279 silly audit   'fill-range': [ '7.1.1' ],
279 silly audit   'find-up': [ '5.0.0' ],
279 silly audit   'for-each': [ '0.3.5' ],
279 silly audit   'fraction.js': [ '5.3.4' ],
279 silly audit   fsevents: [ '2.3.3' ],
279 silly audit   'function-bind': [ '1.1.2' ],
279 silly audit   'function.prototype.name': [ '1.2.0' ],
279 silly audit   'functions-have-names': [ '1.2.3' ],
279 silly audit   'generator-function': [ '2.0.1' ],
279 silly audit   'get-intrinsic': [ '1.3.0' ],
279 silly audit   'get-proto': [ '1.0.1' ],
279 silly audit   'get-symbol-description': [ '1.1.0' ],
279 silly audit   'get-tsconfig': [ '4.14.0' ],
279 silly audit   globalthis: [ '1.0.4' ],
279 silly audit   gopd: [ '1.2.0' ],
279 silly audit   'has-bigints': [ '1.1.0' ],
279 silly audit   'has-flag': [ '4.0.0' ],
279 silly audit   'has-property-descriptors': [ '1.0.2' ],
279 silly audit   'has-proto': [ '1.2.0' ],
279 silly audit   'has-symbols': [ '1.1.0' ],
279 silly audit   'has-tostringtag': [ '1.0.2' ],
279 silly audit   hasown: [ '2.0.4' ],
279 silly audit   imurmurhash: [ '0.1.4' ],
279 silly audit   'internal-slot': [ '1.1.0' ],
279 silly audit   internmap: [ '2.0.3' ],
279 silly audit   'is-array-buffer': [ '3.0.5' ],
279 silly audit   'is-async-function': [ '2.1.1' ],
279 silly audit   'is-bigint': [ '1.1.0' ],
279 silly audit   'is-binary-path': [ '2.1.0' ],
279 silly audit   'is-boolean-object': [ '1.2.2' ],
279 silly audit   'is-bun-module': [ '2.0.0' ],
279 silly audit   'is-callable': [ '1.2.7' ],
279 silly audit   'is-core-module': [ '2.16.2' ],
279 silly audit   'is-data-view': [ '1.0.2' ],
279 silly audit   'is-date-object': [ '1.1.0' ],
279 silly audit   'is-document.all': [ '1.0.0' ],
279 silly audit   'is-extglob': [ '2.1.1' ],
279 silly audit   'is-finalizationregistry': [ '1.1.1' ],
279 silly audit   'is-generator-function': [ '1.1.2' ],
279 silly audit   'is-glob': [ '4.0.3' ],
279 silly audit   'is-map': [ '2.0.3' ],
279 silly audit   'is-negative-zero': [ '2.0.3' ],
279 silly audit   'is-number': [ '7.0.0' ],
279 silly audit   'is-number-object': [ '1.1.1' ],
279 silly audit   'is-regex': [ '1.2.1' ],
279 silly audit   'is-set': [ '2.0.3' ],
279 silly audit   'is-shared-array-buffer': [ '1.0.4' ],
279 silly audit   'is-string': [ '1.1.1' ],
279 silly audit   'is-symbol': [ '1.1.1' ],
279 silly audit   'is-typed-array': [ '1.1.15' ],
279 silly audit   'is-weakmap': [ '2.0.2' ],
279 silly audit   'is-weakref': [ '1.1.1' ],
279 silly audit   'is-weakset': [ '2.0.4' ],
279 silly audit   isarray: [ '2.0.5' ],
279 silly audit   isexe: [ '2.0.0' ],
279 silly audit   'iterator.prototype': [ '1.1.5' ],
279 silly audit   jiti: [ '1.21.7' ],
279 silly audit   'js-tokens': [ '4.0.0' ],
279 silly audit   'json-stable-stringify-without-jsonify': [ '1.0.1' ],
279 silly audit   json5: [ '1.0.2' ],
279 silly audit   'jsx-ast-utils': [ '3.3.5' ],
279 silly audit   'language-subtag-registry': [ '0.3.23' ],
279 silly audit   'language-tags': [ '1.0.9' ],
279 silly audit   levn: [ '0.4.1' ],
279 silly audit   lilconfig: [ '3.1.3' ],
279 silly audit   'lines-and-columns': [ '1.2.4' ],
279 silly audit   'locate-path': [ '6.0.0' ],
279 silly audit   lodash: [ '4.18.1' ],
279 silly audit   'lodash.merge': [ '4.6.2' ],
279 silly audit   'loose-envify': [ '1.4.0' ],
279 silly audit   'lucide-react': [ '0.468.0' ],
279 silly audit   'math-intrinsics': [ '1.1.0' ],
279 silly audit   merge2: [ '1.4.1' ],
279 silly audit   micromatch: [ '4.0.8' ],
279 silly audit   minimist: [ '1.2.8' ],
279 silly audit   ms: [ '2.1.3' ],
279 silly audit   mz: [ '2.7.0' ],
279 silly audit   nanoid: [ '3.3.15' ],
279 silly audit   'napi-postinstall': [ '0.3.4' ],
279 silly audit   'natural-compare': [ '1.4.0' ],
279 silly audit   next: [ '15.5.20' ],
279 silly audit   postcss: [ '8.4.31', '8.5.16' ],
279 silly audit   'node-exports-info': [ '1.6.2' ],
279 silly audit   'node-releases': [ '2.0.51' ],
279 silly audit   'normalize-path': [ '3.0.0' ],
279 silly audit   'object-assign': [ '4.1.1' ],
279 silly audit   'object-hash': [ '3.0.0' ],
279 silly audit   'object-inspect': [ '1.13.4' ],
279 silly audit   'object-keys': [ '1.1.1' ],
279 silly audit   'object.assign': [ '4.1.7' ],
279 silly audit   'object.entries': [ '1.1.9' ],
279 silly audit   'object.fromentries': [ '2.0.8' ],
279 silly audit   'object.groupby': [ '1.0.3' ],
279 silly audit   'object.values': [ '1.2.1' ],
279 silly audit   optionator: [ '0.9.4' ],
279 silly audit   'own-keys': [ '1.0.1' ],
279 silly audit   'p-limit': [ '3.1.0' ],
279 silly audit   'p-locate': [ '5.0.0' ],
279 silly audit   'path-exists': [ '4.0.0' ],
279 silly audit   'path-key': [ '3.1.1' ],
279 silly audit   'path-parse': [ '1.0.7' ],
279 silly audit   picocolors: [ '1.1.1' ],
279 silly audit   picomatch: [ '2.3.2', '4.0.5' ],
279 silly audit   pify: [ '2.3.0' ],
279 silly audit   pirates: [ '4.0.7' ],
279 silly audit   'possible-typed-array-names': [ '1.1.0' ],
279 silly audit   'postcss-import': [ '15.1.0' ],
279 silly audit   resolve: [ '1.22.12', '2.0.0-next.7' ],
279 silly audit   'postcss-js': [ '4.1.0' ],
279 silly audit   'postcss-load-config': [ '6.0.1' ],
279 silly audit   'postcss-nested': [ '6.2.0' ],
279 silly audit   'postcss-selector-parser': [ '6.1.4' ],
279 silly audit   'postcss-value-parser': [ '4.2.0' ],
279 silly audit   'prelude-ls': [ '1.2.1' ],
279 silly audit   prettier: [ '3.9.4' ],
279 silly audit   'prop-types': [ '15.8.1' ],
279 silly audit   'queue-microtask': [ '1.2.3' ],
279 silly audit   react: [ '19.2.7' ],
279 silly audit   'react-dom': [ '19.2.7' ],
279 silly audit   'react-is': [ '16.13.1', '18.3.1' ],
279 silly audit   'react-smooth': [ '4.0.4' ],
279 silly audit   'react-transition-group': [ '4.4.5' ],
279 silly audit   reactflow: [ '11.11.4' ],
279 silly audit   'read-cache': [ '1.0.0' ],
279 silly audit   readdirp: [ '3.6.0' ],
279 silly audit   recharts: [ '2.15.4' ],
279 silly audit   'recharts-scale': [ '0.4.5' ],
279 silly audit   'reflect.getprototypeof': [ '1.0.10' ],
279 silly audit   'regexp.prototype.flags': [ '1.5.4' ],
279 silly audit   'resolve-pkg-maps': [ '1.0.0' ],
279 silly audit   reusify: [ '1.1.0' ],
279 silly audit   'run-parallel': [ '1.2.0' ],
279 silly audit   'safe-array-concat': [ '1.1.4' ],
279 silly audit   'safe-push-apply': [ '1.0.0' ],
279 silly audit   'safe-regex-test': [ '1.1.0' ],
279 silly audit   scheduler: [ '0.27.0' ],
279 silly audit   'set-function-length': [ '1.2.2' ],
279 silly audit   'set-function-name': [ '2.0.2' ],
279 silly audit   'set-proto': [ '1.0.0' ],
279 silly audit   sharp: [ '0.34.5' ],
279 silly audit   'shebang-command': [ '2.0.0' ],
279 silly audit   'shebang-regex': [ '3.0.0' ],
279 silly audit   'side-channel': [ '1.1.1' ],
279 silly audit   'side-channel-list': [ '1.0.1' ],
279 silly audit   'side-channel-map': [ '1.0.1' ],
279 silly audit   'side-channel-weakmap': [ '1.0.2' ],
279 silly audit   'source-map-js': [ '1.2.1' ],
279 silly audit   'stable-hash': [ '0.0.5' ],
279 silly audit   'stop-iteration-iterator': [ '1.1.0' ],
279 silly audit   'string.prototype.includes': [ '2.0.1' ],
279 silly audit   'string.prototype.matchall': [ '4.0.12' ],
279 silly audit   'string.prototype.repeat': [ '1.0.0' ],
279 silly audit   'string.prototype.trim': [ '1.2.11' ],
279 silly audit   'string.prototype.trimend': [ '1.0.10' ],
279 silly audit   'string.prototype.trimstart': [ '1.0.8' ],
279 silly audit   'strip-bom': [ '3.0.0' ],
279 silly audit   'styled-jsx': [ '5.1.6' ],
279 silly audit   sucrase: [ '3.35.1' ],
279 silly audit   'supports-color': [ '7.2.0' ],
279 silly audit   'supports-preserve-symlinks-flag': [ '1.0.0' ],
279 silly audit   tailwindcss: [ '3.4.19' ],
279 silly audit   thenify: [ '3.3.1' ],
279 silly audit   'thenify-all': [ '1.6.0' ],
279 silly audit   'tiny-invariant': [ '1.3.3' ],
279 silly audit   tinyglobby: [ '0.2.17' ],
279 silly audit   fdir: [ '6.5.0' ],
279 silly audit   'to-regex-range': [ '5.0.1' ],
279 silly audit   'ts-api-utils': [ '2.5.0' ],
279 silly audit   'ts-interface-checker': [ '0.1.13' ],
279 silly audit   'tsconfig-paths': [ '3.15.0' ],
279 silly audit   tslib: [ '2.8.1' ],
279 silly audit   'type-check': [ '0.4.0' ],
279 silly audit   'typed-array-buffer': [ '1.0.3' ],
279 silly audit   'typed-array-byte-length': [ '1.0.3' ],
279 silly audit   'typed-array-byte-offset': [ '1.0.4' ],
279 silly audit   'typed-array-length': [ '1.0.8' ],
279 silly audit   typescript: [ '5.9.3' ],
279 silly audit   'unbox-primitive': [ '1.1.0' ],
279 silly audit   'undici-types': [ '6.21.0' ],
279 silly audit   'unrs-resolver': [ '1.12.2' ],
279 silly audit   'update-browserslist-db': [ '1.2.3' ],
279 silly audit   'use-sync-external-store': [ '1.6.0' ],
279 silly audit   'util-deprecate': [ '1.0.2' ],
279 silly audit   'victory-vendor': [ '36.9.2' ],
279 silly audit   which: [ '2.0.2' ],
279 silly audit   'which-boxed-primitive': [ '1.1.1' ],
279 silly audit   'which-builtin-type': [ '1.2.1' ],
279 silly audit   'which-collection': [ '1.0.2' ],
279 silly audit   'which-typed-array': [ '1.1.22' ],
279 silly audit   'word-wrap': [ '1.2.5' ],
279 silly audit   'yocto-queue': [ '0.1.0' ],
279 silly audit   zustand: [ '4.5.7' ],
279 silly audit   eslint: [ '8.57.1' ],
279 silly audit   '@eslint/eslintrc': [ '2.1.4' ],
279 silly audit   '@eslint/js': [ '8.57.1' ],
279 silly audit   '@humanwhocodes/config-array': [ '0.13.0' ],
279 silly audit   '@ungap/structured-clone': [ '1.3.2' ],
279 silly audit   ajv: [ '6.15.0' ],
279 silly audit   'eslint-scope': [ '7.2.2' ],
279 silly audit   espree: [ '9.6.1' ],
279 silly audit   'fast-deep-equal': [ '3.1.3' ],
279 silly audit   'file-entry-cache': [ '6.0.1' ],
279 silly audit   globals: [ '13.24.0' ],
279 silly audit   graphemer: [ '1.4.0' ],
279 silly audit   'is-path-inside': [ '3.0.3' ],
279 silly audit   'js-yaml': [ '4.3.0' ],
279 silly audit   'strip-ansi': [ '6.0.1' ],
279 silly audit   'text-table': [ '0.2.0' ],
279 silly audit   'import-fresh': [ '3.3.1' ],
279 silly audit   'strip-json-comments': [ '3.1.1' ],
279 silly audit   '@humanwhocodes/object-schema': [ '2.0.3' ],
279 silly audit   'fast-json-stable-stringify': [ '2.1.0' ],
279 silly audit   'json-schema-traverse': [ '0.4.1' ],
279 silly audit   'uri-js': [ '4.4.1' ],
279 silly audit   esrecurse: [ '4.3.0' ],
279 silly audit   acorn: [ '8.17.0' ],
279 silly audit   'acorn-jsx': [ '5.3.2' ],
279 silly audit   'flat-cache': [ '3.2.0' ],
279 silly audit   flatted: [ '3.4.2' ],
279 silly audit   keyv: [ '4.5.4' ],
279 silly audit   rimraf: [ '3.0.2' ],
279 silly audit   'type-fest': [ '0.20.2' ],
279 silly audit   'parent-module': [ '1.0.1' ],
279 silly audit   'resolve-from': [ '4.0.0' ],
279 silly audit   argparse: [ '2.0.1' ],
279 silly audit   'json-buffer': [ '3.0.1' ],
279 silly audit   callsites: [ '3.1.0' ],
279 silly audit   glob: [ '7.2.3' ],
279 silly audit   'fs.realpath': [ '1.0.0' ],
279 silly audit   inflight: [ '1.0.6' ],
279 silly audit   inherits: [ '2.0.4' ],
279 silly audit   once: [ '1.4.0' ],
279 silly audit   'path-is-absolute': [ '1.0.1' ],
279 silly audit   wrappy: [ '1.0.2' ],
279 silly audit   'ansi-regex': [ '5.0.1' ],
279 silly audit   punycode: [ '2.3.1' ]
279 silly audit }
280 http cache wrappy@https://registry.npmjs.org/wrappy/-/wrappy-1.0.2.tgz 0ms (cache hit)
281 http cache path-is-absolute@https://registry.npmjs.org/path-is-absolute/-/path-is-absolute-1.0.1.tgz 0ms (cache hit)
282 http cache ansi-regex@https://registry.npmjs.org/ansi-regex/-/ansi-regex-5.0.1.tgz 0ms (cache hit)
283 http cache once@https://registry.npmjs.org/once/-/once-1.4.0.tgz 0ms (cache hit)
284 http cache inherits@https://registry.npmjs.org/inherits/-/inherits-2.0.4.tgz 0ms (cache hit)
285 http cache inflight@https://registry.npmjs.org/inflight/-/inflight-1.0.6.tgz 0ms (cache hit)
286 http cache fs.realpath@https://registry.npmjs.org/fs.realpath/-/fs.realpath-1.0.0.tgz 0ms (cache hit)
287 http cache glob@https://registry.npmjs.org/glob/-/glob-7.2.3.tgz 0ms (cache hit)
288 http cache rimraf@https://registry.npmjs.org/rimraf/-/rimraf-3.0.2.tgz 0ms (cache hit)
289 http cache type-fest@https://registry.npmjs.org/type-fest/-/type-fest-0.20.2.tgz 0ms (cache hit)
290 http cache @humanwhocodes/object-schema@https://registry.npmjs.org/@humanwhocodes/object-schema/-/object-schema-2.0.3.tgz 0ms (cache hit)
291 http cache is-path-inside@https://registry.npmjs.org/is-path-inside/-/is-path-inside-3.0.3.tgz 0ms (cache hit)
292 http cache strip-ansi@https://registry.npmjs.org/strip-ansi/-/strip-ansi-6.0.1.tgz 0ms (cache hit)
293 http cache text-table@https://registry.npmjs.org/text-table/-/text-table-0.2.0.tgz 0ms (cache hit)
294 http cache graphemer@https://registry.npmjs.org/graphemer/-/graphemer-1.4.0.tgz 0ms (cache hit)
295 http cache @humanwhocodes/config-array@https://registry.npmjs.org/@humanwhocodes/config-array/-/config-array-0.13.0.tgz 1ms (cache hit)
296 http cache @ungap/structured-clone@https://registry.npmjs.org/@ungap/structured-clone/-/structured-clone-1.3.2.tgz 0ms (cache hit)
297 http cache file-entry-cache@https://registry.npmjs.org/file-entry-cache/-/file-entry-cache-6.0.1.tgz 1ms (cache hit)
298 http cache flat-cache@https://registry.npmjs.org/flat-cache/-/flat-cache-3.2.0.tgz 0ms (cache hit)
299 http cache globals@https://registry.npmjs.org/globals/-/globals-13.24.0.tgz 0ms (cache hit)
300 http cache espree@https://registry.npmjs.org/espree/-/espree-9.6.1.tgz 0ms (cache hit)
301 http cache @eslint/js@https://registry.npmjs.org/@eslint/js/-/js-8.57.1.tgz 0ms (cache hit)
302 http cache eslint-visitor-keys@https://registry.npmjs.org/eslint-visitor-keys/-/eslint-visitor-keys-3.4.3.tgz 0ms (cache hit)
303 http cache eslint-scope@https://registry.npmjs.org/eslint-scope/-/eslint-scope-7.2.2.tgz 0ms (cache hit)
304 http cache eslint@https://registry.npmjs.org/eslint/-/eslint-8.57.1.tgz 0ms (cache hit)
305 silly tarball no local data for wrappy@https://registry.npmjs.org/wrappy/-/wrappy-1.0.2.tgz. Extracting by manifest.
306 silly tarball no local data for path-is-absolute@https://registry.npmjs.org/path-is-absolute/-/path-is-absolute-1.0.1.tgz. Extracting by manifest.
307 silly tarball no local data for ansi-regex@https://registry.npmjs.org/ansi-regex/-/ansi-regex-5.0.1.tgz. Extracting by manifest.
308 silly tarball no local data for once@https://registry.npmjs.org/once/-/once-1.4.0.tgz. Extracting by manifest.
309 silly tarball no local data for inherits@https://registry.npmjs.org/inherits/-/inherits-2.0.4.tgz. Extracting by manifest.
310 silly tarball no local data for inflight@https://registry.npmjs.org/inflight/-/inflight-1.0.6.tgz. Extracting by manifest.
311 http cache @eslint/eslintrc@https://registry.npmjs.org/@eslint/eslintrc/-/eslintrc-2.1.4.tgz 0ms (cache hit)
312 silly tarball no local data for fs.realpath@https://registry.npmjs.org/fs.realpath/-/fs.realpath-1.0.0.tgz. Extracting by manifest.
313 silly tarball no local data for glob@https://registry.npmjs.org/glob/-/glob-7.2.3.tgz. Extracting by manifest.
314 silly tarball no local data for rimraf@https://registry.npmjs.org/rimraf/-/rimraf-3.0.2.tgz. Extracting by manifest.
315 silly tarball no local data for type-fest@https://registry.npmjs.org/type-fest/-/type-fest-0.20.2.tgz. Extracting by manifest.
316 silly tarball no local data for @humanwhocodes/object-schema@https://registry.npmjs.org/@humanwhocodes/object-schema/-/object-schema-2.0.3.tgz. Extracting by manifest.
317 http cache doctrine@https://registry.npmjs.org/doctrine/-/doctrine-3.0.0.tgz 0ms (cache hit)
318 silly tarball no local data for is-path-inside@https://registry.npmjs.org/is-path-inside/-/is-path-inside-3.0.3.tgz. Extracting by manifest.
319 silly tarball no local data for strip-ansi@https://registry.npmjs.org/strip-ansi/-/strip-ansi-6.0.1.tgz. Extracting by manifest.
320 silly tarball no local data for text-table@https://registry.npmjs.org/text-table/-/text-table-0.2.0.tgz. Extracting by manifest.
321 silly tarball no local data for graphemer@https://registry.npmjs.org/graphemer/-/graphemer-1.4.0.tgz. Extracting by manifest.
322 silly tarball no local data for @humanwhocodes/config-array@https://registry.npmjs.org/@humanwhocodes/config-array/-/config-array-0.13.0.tgz. Extracting by manifest.
323 silly tarball no local data for @ungap/structured-clone@https://registry.npmjs.org/@ungap/structured-clone/-/structured-clone-1.3.2.tgz. Extracting by manifest.
324 silly tarball no local data for file-entry-cache@https://registry.npmjs.org/file-entry-cache/-/file-entry-cache-6.0.1.tgz. Extracting by manifest.
325 silly tarball no local data for flat-cache@https://registry.npmjs.org/flat-cache/-/flat-cache-3.2.0.tgz. Extracting by manifest.
326 silly tarball no local data for globals@https://registry.npmjs.org/globals/-/globals-13.24.0.tgz. Extracting by manifest.
327 silly tarball no local data for espree@https://registry.npmjs.org/espree/-/espree-9.6.1.tgz. Extracting by manifest.
328 silly tarball no local data for @eslint/js@https://registry.npmjs.org/@eslint/js/-/js-8.57.1.tgz. Extracting by manifest.
329 silly tarball no local data for eslint-scope@https://registry.npmjs.org/eslint-scope/-/eslint-scope-7.2.2.tgz. Extracting by manifest.
330 silly tarball no local data for eslint@https://registry.npmjs.org/eslint/-/eslint-8.57.1.tgz. Extracting by manifest.
331 silly tarball no local data for @eslint/eslintrc@https://registry.npmjs.org/@eslint/eslintrc/-/eslintrc-2.1.4.tgz. Extracting by manifest.
332 silly tarball no local data for doctrine@https://registry.npmjs.org/doctrine/-/doctrine-3.0.0.tgz. Extracting by manifest.
333 http fetch POST 200 https://registry.npmjs.org/-/npm/v1/security/advisories/bulk 340ms
334 silly audit report {
334 silly audit report   postcss: [
334 silly audit report     {
334 silly audit report       id: 1117015,
334 silly audit report       url: 'https://github.com/advisories/GHSA-qx2v-qp2m-jg93',
334 silly audit report       title: 'PostCSS has XSS via Unescaped </style> in its CSS Stringify Output',
334 silly audit report       severity: 'moderate',
334 silly audit report       vulnerable_versions: '<8.5.10',
334 silly audit report       cwe: [Array],
334 silly audit report       cvss: [Object]
334 silly audit report     }
334 silly audit report   ]
334 silly audit report }
335 silly packumentCache corgi:https://registry.npmjs.org/postcss cache-miss
336 http fetch GET 200 https://registry.npmjs.org/wrappy/-/wrappy-1.0.2.tgz 402ms (cache miss)
337 http fetch GET 200 https://registry.npmjs.org/ansi-regex/-/ansi-regex-5.0.1.tgz 400ms (cache miss)
338 http fetch GET 200 https://registry.npmjs.org/path-is-absolute/-/path-is-absolute-1.0.1.tgz 413ms (cache miss)
339 http fetch GET 200 https://registry.npmjs.org/once/-/once-1.4.0.tgz 410ms (cache miss)
340 http fetch GET 200 https://registry.npmjs.org/flat-cache/-/flat-cache-3.2.0.tgz 390ms (cache miss)
341 http fetch GET 200 https://registry.npmjs.org/inflight/-/inflight-1.0.6.tgz 429ms (cache miss)
342 http fetch GET 200 https://registry.npmjs.org/@humanwhocodes/config-array/-/config-array-0.13.0.tgz 417ms (cache miss)
343 warn deprecated inflight@1.0.6: This module is not supported, and leaks memory. Do not use it. Check out lru-cache if you want a good and tested way to coalesce async requests by a key value, which is much more comprehensive and powerful.
344 http fetch GET 200 https://registry.npmjs.org/inherits/-/inherits-2.0.4.tgz 548ms (cache miss)
345 warn deprecated @humanwhocodes/config-array@0.13.0: Use @eslint/config-array instead
346 http fetch GET 200 https://registry.npmjs.org/strip-ansi/-/strip-ansi-6.0.1.tgz 643ms (cache miss)
347 http fetch GET 200 https://registry.npmjs.org/is-path-inside/-/is-path-inside-3.0.3.tgz 650ms (cache miss)
348 http cache https://registry.npmjs.org/postcss 375ms (cache hit)
349 silly packumentCache corgi:https://registry.npmjs.org/postcss set size:345714 disposed:false
350 silly packumentCache corgi:https://registry.npmjs.org/next cache-miss
351 http fetch GET 200 https://registry.npmjs.org/fs.realpath/-/fs.realpath-1.0.0.tgz 742ms (cache miss)
352 http fetch GET 200 https://registry.npmjs.org/globals/-/globals-13.24.0.tgz 749ms (cache miss)
353 http fetch GET 200 https://registry.npmjs.org/file-entry-cache/-/file-entry-cache-6.0.1.tgz 769ms (cache miss)
354 http fetch GET 200 https://registry.npmjs.org/rimraf/-/rimraf-3.0.2.tgz 800ms (cache miss)
355 warn deprecated rimraf@3.0.2: Rimraf versions prior to v4 are no longer supported
356 http fetch GET 200 https://registry.npmjs.org/@eslint/js/-/js-8.57.1.tgz 791ms (cache miss)
357 http cache https://registry.npmjs.org/next 274ms (cache hit)
358 silly packumentCache corgi:https://registry.npmjs.org/next set size:25355374 disposed:false
359 http fetch GET 200 https://registry.npmjs.org/@humanwhocodes/object-schema/-/object-schema-2.0.3.tgz 1868ms (cache miss)
360 http fetch GET 200 https://registry.npmjs.org/glob/-/glob-7.2.3.tgz 1924ms (cache miss)
361 warn deprecated glob@7.2.3: Old versions of glob are not supported, and contain widely publicized security vulnerabilities, which have been fixed in the current version. Please update. Support for old versions may be purchased (at exorbitant rates) by contacting i@izs.me
362 warn deprecated @humanwhocodes/object-schema@2.0.3: Use @eslint/object-schema instead
363 http fetch GET 200 https://registry.npmjs.org/doctrine/-/doctrine-3.0.0.tgz 1896ms (cache miss)
364 http fetch GET 200 https://registry.npmjs.org/espree/-/espree-9.6.1.tgz 1958ms (cache miss)
365 http fetch GET 200 https://registry.npmjs.org/eslint-scope/-/eslint-scope-7.2.2.tgz 2069ms (cache miss)
366 http fetch GET 200 https://registry.npmjs.org/@ungap/structured-clone/-/structured-clone-1.3.2.tgz 2082ms (cache miss)
367 http fetch GET 200 https://registry.npmjs.org/text-table/-/text-table-0.2.0.tgz 2096ms (cache miss)
368 http fetch GET 200 https://registry.npmjs.org/graphemer/-/graphemer-1.4.0.tgz 2185ms (cache miss)
369 http fetch GET 200 https://registry.npmjs.org/@eslint/eslintrc/-/eslintrc-2.1.4.tgz 2349ms (cache miss)
370 http fetch GET 200 https://registry.npmjs.org/type-fest/-/type-fest-0.20.2.tgz 2408ms (cache miss)
371 http fetch GET 200 https://registry.npmjs.org/eslint/-/eslint-8.57.1.tgz 5417ms (cache miss)
372 warn deprecated eslint@8.57.1: This version is no longer supported. Please see https://eslint.org/version-support for other options.
373 silly ADD node_modules/ansi-regex
374 silly ADD node_modules/wrappy
375 silly ADD node_modules/path-is-absolute
376 silly ADD node_modules/once
377 silly ADD node_modules/inherits
378 silly ADD node_modules/inflight
379 silly ADD node_modules/fs.realpath
380 silly ADD node_modules/glob
381 silly ADD node_modules/type-fest
382 silly ADD node_modules/rimraf
383 silly ADD node_modules/@humanwhocodes/object-schema
384 silly ADD node_modules/text-table
385 silly ADD node_modules/strip-ansi
386 silly ADD node_modules/is-path-inside
387 silly ADD node_modules/graphemer
388 silly ADD node_modules/@ungap/structured-clone
389 silly ADD node_modules/@humanwhocodes/config-array
390 silly CHANGE node_modules/globals
391 silly CHANGE node_modules/flat-cache
392 silly CHANGE node_modules/file-entry-cache
393 silly CHANGE node_modules/espree
394 silly CHANGE node_modules/eslint-visitor-keys
395 silly CHANGE node_modules/eslint-scope
396 silly CHANGE node_modules/eslint
397 silly ADD node_modules/eslint/node_modules/doctrine
398 silly REMOVE node_modules/@types/json-schema
399 silly REMOVE node_modules/@types/estree
400 silly REMOVE node_modules/@humanwhocodes/retry
401 silly REMOVE node_modules/@humanfs/types
402 silly REMOVE node_modules/@humanfs/node
403 silly REMOVE node_modules/@humanfs/core
404 silly REMOVE node_modules/@eslint/plugin-kit
405 silly REMOVE node_modules/@eslint/object-schema
406 silly CHANGE node_modules/@eslint/js
407 silly CHANGE node_modules/@eslint/eslintrc
408 silly REMOVE node_modules/@eslint/core
409 silly REMOVE node_modules/@eslint/config-helpers
410 silly REMOVE node_modules/@eslint/config-array
411 silly REMOVE node_modules/@eslint-community/eslint-utils/node_modules/eslint-visitor-keys
412 verbose cwd C:\Users\maanv\Documents\Catalyst\frontend
413 verbose os Windows_NT 10.0.26100
414 verbose node v24.13.0
415 verbose npm  v11.11.1
416 verbose exit 0
417 info ok
